npm warn ERESOLVE overriding peer dependency
npm warn While resolving: @clerk/react@6.12.2
npm warn Found: react@19.1.0
npm warn node_modules/react
npm warn   react@"19.1.0" from the root project
npm warn   77 more (zustand, @clerk/expo, @expo/devtools, ...)
npm warn
npm warn Could not resolve dependency:
npm warn peer react@"^18.0.0 || ~19.0.3 || ~19.1.4 || ~19.2.3 || ~19.3.0-0" from @clerk/react@6.12.2
npm warn node_modules/@clerk/expo/node_modules/@clerk/react
npm warn   @clerk/react@"^6.12.2" from @clerk/expo@3.7.4
npm warn   node_modules/@clerk/expo
npm warn
npm warn Conflicting peer dependency: react@19.2.7
npm warn node_modules/react
npm warn   peer react@"^18.0.0 || ~19.0.3 || ~19.1.4 || ~19.2.3 || ~19.3.0-0" from @clerk/react@6.12.2
npm warn   node_modules/@clerk/expo/node_modules/@clerk/react
npm warn     @clerk/react@"^6.12.2" from @clerk/expo@3.7.4
npm warn     node_modules/@clerk/expo
npm warn ERESOLVE overriding peer dependency
npm warn While resolving: @clerk/react@6.12.2
npm warn Found: react-dom@19.1.0
npm warn node_modules/react-dom
npm warn   react-dom@"19.1.0" from the root project
npm warn   16 more (@clerk/expo, @expo/metro-runtime, expo-router, ...)
npm warn
npm warn Could not resolve dependency:
npm warn peer react-dom@"^18.0.0 || ~19.0.3 || ~19.1.4 || ~19.2.3 || ~19.3.0-0" from @clerk/react@6.12.2
npm warn node_modules/@clerk/expo/node_modules/@clerk/react
npm warn   @clerk/react@"^6.12.2" from @clerk/expo@3.7.4
npm warn   node_modules/@clerk/expo
npm warn
npm warn Conflicting peer dependency: react-dom@19.2.7
npm warn node_modules/react-dom
npm warn   peer react-dom@"^18.0.0 || ~19.0.3 || ~19.1.4 || ~19.2.3 || ~19.3.0-0" from @clerk/react@6.12.2
npm warn   node_modules/@clerk/expo/node_modules/@clerk/react
npm warn     @clerk/react@"^6.12.2" from @clerk/expo@3.7.4
npm warn     node_modules/@clerk/expo
npm warn ERESOLVE overriding peer dependency
npm warn While resolving: @clerk/shared@4.25.2
npm warn Found: react@19.1.0
npm warn node_modules/react
npm warn   react@"19.1.0" from the root project
npm warn   77 more (zustand, @clerk/expo, @expo/devtools, ...)
npm warn
npm warn Could not resolve dependency:
npm warn peerOptional react@"^18.0.0 || ~19.0.3 || ~19.1.4 || ~19.2.3 || ~19.3.0-0" from @clerk/shared@4.25.2
npm warn node_modules/@clerk/expo/node_modules/@clerk/shared
npm warn   @clerk/shared@"^4.25.2" from @clerk/expo@3.7.4
npm warn   node_modules/@clerk/expo
npm warn   1 more (@clerk/react)
npm warn
npm warn Conflicting peer dependency: react@19.2.7
npm warn node_modules/react
npm warn   peerOptional react@"^18.0.0 || ~19.0.3 || ~19.1.4 || ~19.2.3 || ~19.3.0-0" from @clerk/shared@4.25.2
npm warn   node_modules/@clerk/expo/node_modules/@clerk/shared
npm warn     @clerk/shared@"^4.25.2" from @clerk/expo@3.7.4
npm warn     node_modules/@clerk/expo
npm warn     1 more (@clerk/react)
npm warn ERESOLVE overriding peer dependency
npm warn While resolving: @clerk/shared@4.25.2
npm warn Found: react-dom@19.1.0
npm warn node_modules/react-dom
npm warn   react-dom@"19.1.0" from the root project
npm warn   16 more (@clerk/expo, @expo/metro-runtime, expo-router, ...)
npm warn
npm warn Could not resolve dependency:
npm warn peerOptional react-dom@"^18.0.0 || ~19.0.3 || ~19.1.4 || ~19.2.3 || ~19.3.0-0" from @clerk/shared@4.25.2
npm warn node_modules/@clerk/expo/node_modules/@clerk/shared
npm warn   @clerk/shared@"^4.25.2" from @clerk/expo@3.7.4
npm warn   node_modules/@clerk/expo
npm warn   1 more (@clerk/react)
npm warn
npm warn Conflicting peer dependency: react-dom@19.2.7
npm warn node_modules/react-dom
npm warn   peerOptional react-dom@"^18.0.0 || ~19.0.3 || ~19.1.4 || ~19.2.3 || ~19.3.0-0" from @clerk/shared@4.25.2
npm warn   node_modules/@clerk/expo/node_modules/@clerk/shared
npm warn     @clerk/shared@"^4.25.2" from @clerk/expo@3.7.4
npm warn     node_modules/@clerk/expo
npm warn     1 more (@clerk/react)
npm warn deprecated inflight@1.0.6: This module is not supported, and leaks memory. Do not use it. Check out lru-cache if you want a good and tested way to coalesce async requests by a key value, which is much more comprehensive and powerful.
npm warn deprecated rimraf@3.0.2: Rimraf versions prior to v4 are no longer supported
npm warn deprecated glob@7.2.3: Old versions of glob are not supported, and contain widely publicized security vulnerabilities, which have been fixed in the current version. Please update. Support for old versions may be purchased (at exorbitant rates) by contacting i@izs.me
npm warn deprecated uuid@7.0.3: uuid@10 and below is no longer supported.  For ESM codebases, update to uuid@latest.  For CommonJS codebases, use uuid@11 (but be aware this version will likely be deprecated in 2028).
npm warn deprecated uuid@8.3.2: uuid@10 and below is no longer supported.  For ESM codebases, update to uuid@latest.  For CommonJS codebases, use uuid@11 (but be aware this version will likely be deprecated in 2028).

added 1330 packages, and audited 1331 packages in 23s

218 packages are looking for funding
  run `npm fund` for details

30 moderate severity vulnerabilities

To address issues that do not require attention, run:
  npm audit fix

To address all issues (including breaking changes), run:
  npm audit fix --force

Run `npm audit` for details.
